This is pdfTeX, Version 3.1415926-2.4-1.40.13 (MiKTeX 2.9 64-bit) (preloaded format=pdflatex 2014.2.3)  25 APR 2014 20:32
entering extended mode
**G:/Manikantan*Sir's*Project/Assignments/Assignment10(26.4.14)/Senior's/Matlab
*Codes/Final*week8/week8.tex

("G:/Manikantan Sir's Project/Assignments/Assignment10(26.4.14)/Senior's/Matlab
 Codes/Final week8/week8.tex"
LaTeX2e <2011/06/27>
Babel <v3.8m> and hyphenation patterns for english, afrikaans, ancientgreek, ar
abic, armenian, assamese, basque, bengali, bokmal, bulgarian, catalan, coptic, 
croatian, czech, danish, dutch, esperanto, estonian, farsi, finnish, french, ga
lician, german, german-x-2012-05-30, greek, gujarati, hindi, hungarian, iceland
ic, indonesian, interlingua, irish, italian, kannada, kurmanji, latin, latvian,
 lithuanian, malayalam, marathi, mongolian, mongolianlmc, monogreek, ngerman, n
german-x-2012-05-30, nynorsk, oriya, panjabi, pinyin, polish, portuguese, roman
ian, russian, sanskrit, serbian, slovak, slovenian, spanish, swedish, swissgerm
an, tamil, telugu, turkish, turkmen, ukenglish, ukrainian, uppersorbian, usengl
ishmax, welsh, loaded.
("C:\New Softwares\MikTex\tex\latex\elsarticle\elsarticle.cls"
Document Class: elsarticle 2009/09/17, 1.2.0: Elsevier Ltd
\@bls=\dimen102
("C:\New Softwares\MikTex\tex\latex\base\article.cls"
Document Class: article 2007/10/19 v1.4h Standard LaTeX document class
("C:\New Softwares\MikTex\tex\latex\base\size10.clo"
File: size10.clo 2007/10/19 v1.4h Standard LaTeX file (size option)
)
\c@part=\count79
\c@section=\count80
\c@subsection=\count81
\c@subsubsection=\count82
\c@paragraph=\count83
\c@subparagraph=\count84
\c@figure=\count85
\c@table=\count86
\abovecaptionskip=\skip41
\belowcaptionskip=\skip42
\bibindent=\dimen103
)
("C:\New Softwares\MikTex\tex\latex\graphics\graphicx.sty"
Package: graphicx 1999/02/16 v1.0f Enhanced LaTeX Graphics (DPC,SPQR)

("C:\New Softwares\MikTex\tex\latex\graphics\keyval.sty"
Package: keyval 1999/03/16 v1.13 key=value parser (DPC)
\KV@toks@=\toks14
)
("C:\New Softwares\MikTex\tex\latex\graphics\graphics.sty"
Package: graphics 2009/02/05 v1.0o Standard LaTeX Graphics (DPC,SPQR)

("C:\New Softwares\MikTex\tex\latex\graphics\trig.sty"
Package: trig 1999/03/16 v1.09 sin cos tan (DPC)
)
("C:\New Softwares\MikTex\tex\latex\00miktex\graphics.cfg"
File: graphics.cfg 2007/01/18 v1.5 graphics configuration of teTeX/TeXLive
)
Package graphics Info: Driver file: pdftex.def on input line 91.

("C:\New Softwares\MikTex\tex\latex\pdftex-def\pdftex.def"
File: pdftex.def 2011/05/27 v0.06d Graphics/color for pdfTeX

("C:\New Softwares\MikTex\tex\generic\oberdiek\infwarerr.sty"
Package: infwarerr 2010/04/08 v1.3 Providing info/warning/error messages (HO)
)
("C:\New Softwares\MikTex\tex\generic\oberdiek\ltxcmds.sty"
Package: ltxcmds 2011/11/09 v1.22 LaTeX kernel commands for general use (HO)
)
\Gread@gobject=\count87
))
\Gin@req@height=\dimen104
\Gin@req@width=\dimen105
)
("C:\New Softwares\MikTex\tex\latex\psnfss\pifont.sty"
Package: pifont 2005/04/12 PSNFSS-v9.2a Pi font support (SPQR) 
LaTeX Font Info:    Try loading font information for U+pzd on input line 63.

("C:\New Softwares\MikTex\tex\latex\psnfss\upzd.fd"
File: upzd.fd 2001/06/04 font definitions for U/pzd.
)
LaTeX Font Info:    Try loading font information for U+psy on input line 64.

("C:\New Softwares\MikTex\tex\latex\psnfss\upsy.fd"
File: upsy.fd 2001/06/04 font definitions for U/psy.
))
\c@tnote=\count88
\c@fnote=\count89
\c@cnote=\count90
\c@ead=\count91
\c@author=\count92
\@eadauthor=\toks15
\c@affn=\count93
\absbox=\box26
\keybox=\box27
\Columnwidth=\dimen106
\space@left=\dimen107
\els@boxa=\box28
\els@boxb=\box29
\leftMargin=\dimen108
\@enLab=\toks16
\@sep=\skip43
\@@sep=\skip44

("G:\Manikantan Sir's Project\Assignments\Assignment10(26.4.14)\Senior's\Matlab
 Codes\Final week8\week8.spl")
("C:\New Softwares\MikTex\tex\latex\natbib\natbib.sty"
Package: natbib 2010/09/13 8.31b (PWD, AO)
\bibhang=\skip45
\bibsep=\skip46
LaTeX Info: Redefining \cite on input line 694.
\c@NAT@ctr=\count94
)
\splwrite=\write3

("C:\New Softwares\MikTex\tex\latex\geometry\geometry.sty"
Package: geometry 2010/09/12 v5.6 Page Geometry

("C:\New Softwares\MikTex\tex\generic\oberdiek\ifpdf.sty"
Package: ifpdf 2011/01/30 v2.3 Provides the ifpdf switch (HO)
Package ifpdf Info: pdfTeX in PDF mode is detected.
)
("C:\New Softwares\MikTex\tex\generic\oberdiek\ifvtex.sty"
Package: ifvtex 2010/03/01 v1.5 Detect VTeX and its facilities (HO)
Package ifvtex Info: VTeX not detected.
)
("C:\New Softwares\MikTex\tex\generic\ifxetex\ifxetex.sty"
Package: ifxetex 2010/09/12 v0.6 Provides ifxetex conditional
)
\Gm@cnth=\count95
\Gm@cntv=\count96
\c@Gm@tempcnt=\count97
\Gm@bindingoffset=\dimen109
\Gm@wd@mp=\dimen110
\Gm@odd@mp=\dimen111
\Gm@even@mp=\dimen112
\Gm@layoutwidth=\dimen113
\Gm@layoutheight=\dimen114
\Gm@layouthoffset=\dimen115
\Gm@layoutvoffset=\dimen116
\Gm@dimlist=\toks17

("C:\New Softwares\MikTex\tex\latex\geometry\geometry.cfg"))
("C:\New Softwares\MikTex\tex\latex\base\fleqn.clo"
File: fleqn.clo 1998/08/17 v1.1c Standard LaTeX option (flush left equations)
\mathindent=\dimen117
))
("C:\New Softwares\MikTex\tex\latex\txfonts\txfonts.sty"
Package: txfonts 2008/01/22 v3.2.1
LaTeX Font Info:    Redeclaring symbol font `operators' on input line 21.
LaTeX Font Info:    Overwriting symbol font `operators' in version `normal'
(Font)                  OT1/cmr/m/n --> OT1/txr/m/n on input line 21.
LaTeX Font Info:    Overwriting symbol font `operators' in version `bold'
(Font)                  OT1/cmr/bx/n --> OT1/txr/m/n on input line 21.
LaTeX Font Info:    Overwriting symbol font `operators' in version `bold'
(Font)                  OT1/txr/m/n --> OT1/txr/bx/n on input line 22.
\symitalic=\mathgroup4
LaTeX Font Info:    Overwriting symbol font `italic' in version `bold'
(Font)                  OT1/txr/m/it --> OT1/txr/bx/it on input line 26.
LaTeX Font Info:    Redeclaring math alphabet \mathbf on input line 29.
LaTeX Font Info:    Overwriting math alphabet `\mathbf' in version `normal'
(Font)                  OT1/cmr/bx/n --> OT1/txr/bx/n on input line 29.
LaTeX Font Info:    Overwriting math alphabet `\mathbf' in version `bold'
(Font)                  OT1/cmr/bx/n --> OT1/txr/bx/n on input line 29.
LaTeX Font Info:    Redeclaring math alphabet \mathit on input line 30.
LaTeX Font Info:    Overwriting math alphabet `\mathit' in version `normal'
(Font)                  OT1/cmr/m/it --> OT1/txr/m/it on input line 30.
LaTeX Font Info:    Overwriting math alphabet `\mathit' in version `bold'
(Font)                  OT1/cmr/bx/it --> OT1/txr/m/it on input line 30.
LaTeX Font Info:    Overwriting math alphabet `\mathit' in version `bold'
(Font)                  OT1/txr/m/it --> OT1/txr/bx/it on input line 31.
LaTeX Font Info:    Redeclaring math alphabet \mathsf on input line 40.
LaTeX Font Info:    Overwriting math alphabet `\mathsf' in version `normal'
(Font)                  OT1/cmss/m/n --> OT1/txss/m/n on input line 40.
LaTeX Font Info:    Overwriting math alphabet `\mathsf' in version `bold'
(Font)                  OT1/cmss/bx/n --> OT1/txss/m/n on input line 40.
LaTeX Font Info:    Overwriting math alphabet `\mathsf' in version `bold'
(Font)                  OT1/txss/m/n --> OT1/txss/b/n on input line 41.
LaTeX Font Info:    Redeclaring math alphabet \mathtt on input line 50.
LaTeX Font Info:    Overwriting math alphabet `\mathtt' in version `normal'
(Font)                  OT1/cmtt/m/n --> OT1/txtt/m/n on input line 50.
LaTeX Font Info:    Overwriting math alphabet `\mathtt' in version `bold'
(Font)                  OT1/cmtt/m/n --> OT1/txtt/m/n on input line 50.
LaTeX Font Info:    Overwriting math alphabet `\mathtt' in version `bold'
(Font)                  OT1/txtt/m/n --> OT1/txtt/b/n on input line 51.
LaTeX Font Info:    Redeclaring symbol font `letters' on input line 58.
LaTeX Font Info:    Overwriting symbol font `letters' in version `normal'
(Font)                  OML/cmm/m/it --> OML/txmi/m/it on input line 58.
LaTeX Font Info:    Overwriting symbol font `letters' in version `bold'
(Font)                  OML/cmm/b/it --> OML/txmi/m/it on input line 58.
LaTeX Font Info:    Overwriting symbol font `letters' in version `bold'
(Font)                  OML/txmi/m/it --> OML/txmi/bx/it on input line 59.
\symlettersA=\mathgroup5
LaTeX Font Info:    Overwriting symbol font `lettersA' in version `bold'
(Font)                  U/txmia/m/it --> U/txmia/bx/it on input line 67.
LaTeX Font Info:    Redeclaring symbol font `symbols' on input line 77.
LaTeX Font Info:    Overwriting symbol font `symbols' in version `normal'
(Font)                  OMS/cmsy/m/n --> OMS/txsy/m/n on input line 77.
LaTeX Font Info:    Overwriting symbol font `symbols' in version `bold'
(Font)                  OMS/cmsy/b/n --> OMS/txsy/m/n on input line 77.
LaTeX Font Info:    Overwriting symbol font `symbols' in version `bold'
(Font)                  OMS/txsy/m/n --> OMS/txsy/bx/n on input line 78.
\symAMSa=\mathgroup6
LaTeX Font Info:    Overwriting symbol font `AMSa' in version `bold'
(Font)                  U/txsya/m/n --> U/txsya/bx/n on input line 94.
\symAMSb=\mathgroup7
LaTeX Font Info:    Overwriting symbol font `AMSb' in version `bold'
(Font)                  U/txsyb/m/n --> U/txsyb/bx/n on input line 103.
\symsymbolsC=\mathgroup8
LaTeX Font Info:    Overwriting symbol font `symbolsC' in version `bold'
(Font)                  U/txsyc/m/n --> U/txsyc/bx/n on input line 113.
LaTeX Font Info:    Redeclaring symbol font `largesymbols' on input line 120.
LaTeX Font Info:    Overwriting symbol font `largesymbols' in version `normal'
(Font)                  OMX/cmex/m/n --> OMX/txex/m/n on input line 120.
LaTeX Font Info:    Overwriting symbol font `largesymbols' in version `bold'
(Font)                  OMX/cmex/m/n --> OMX/txex/m/n on input line 120.
LaTeX Font Info:    Overwriting symbol font `largesymbols' in version `bold'
(Font)                  OMX/txex/m/n --> OMX/txex/bx/n on input line 121.
\symlargesymbolsA=\mathgroup9
LaTeX Font Info:    Overwriting symbol font `largesymbolsA' in version `bold'
(Font)                  U/txexa/m/n --> U/txexa/bx/n on input line 129.
LaTeX Info: Redefining \not on input line 1043.
)
("C:\New Softwares\MikTex\tex\latex\ltxmisc\url.sty"
\Urlmuskip=\muskip10
Package: url 2006/04/12  ver 3.3  Verb mode for urls, etc.
)
("C:\New Softwares\MikTex\tex\latex\subfig\subfig.sty"
Package: subfig 2005/06/28 ver: 1.3 subfig package

("C:\New Softwares\MikTex\tex\latex\caption\caption.sty"
Package: caption 2013/05/02 v3.3-89 Customizing captions (AR)

("C:\New Softwares\MikTex\tex\latex\caption\caption3.sty"
Package: caption3 2013/05/02 v1.6-88 caption3 kernel (AR)
Package caption3 Info: TeX engine: e-TeX on input line 57.
\captionmargin=\dimen118
\captionmargin@=\dimen119
\captionwidth=\dimen120
\caption@tempdima=\dimen121
\caption@indent=\dimen122
\caption@parindent=\dimen123
\caption@hangindent=\dimen124
)
\c@ContinuedFloat=\count98
)
\c@KVtest=\count99
\sf@farskip=\skip47
\sf@captopadj=\dimen125
\sf@capskip=\skip48
\sf@nearskip=\skip49
\c@subfigure=\count100
\c@subfigure@save=\count101
\c@lofdepth=\count102
\c@subtable=\count103
\c@subtable@save=\count104
\c@lotdepth=\count105
\sf@top=\skip50
\sf@bottom=\skip51
)
("C:\New Softwares\MikTex\tex\latex\multirow\multirow.sty"
\bigstrutjot=\dimen126
)
("C:\New Softwares\MikTex\tex\latex\float\float.sty"
Package: float 2001/11/08 v1.3d Float enhancements (AL)
\c@float@type=\count106
\float@exts=\toks18
\float@box=\box30
\@float@everytoks=\toks19
\@floatcapt=\box31
)
("C:\New Softwares\MikTex\tex\latex\sttools\stfloats.sty"
Package: stfloats 2012/05/29 v1.1 Improve float mechanism and baselineskip sett
ings
\@dblbotnum=\count107
\c@dblbotnumber=\count108
)
("C:\New Softwares\MikTex\tex\latex\wrapfig\wrapfig.sty"
\wrapoverhang=\dimen127
\WF@size=\dimen128
\c@WF@wrappedlines=\count109
\WF@box=\box32
\WF@everypar=\toks20
Package: wrapfig 2003/01/31  v 3.6
)
("C:\New Softwares\MikTex\tex\generic\xypic\xy.sty"
("C:\New Softwares\MikTex\tex\generic\xypic\xy.tex" Bootstrap'ing: catcodes,
docmode, ("C:\New Softwares\MikTex\tex\generic\xypic\xyrecat.tex")
("C:\New Softwares\MikTex\tex\generic\xypic\xyidioms.tex")

 Xy-pic version 3.8.8 <2012/05/24>
 Copyright (c) 1991-2011 by Kristoffer H. Rose <krisrose@tug.org>
 Xy-pic is free software: see the User's Guide for details.

Loading kernel: messages; fonts; allocations: state,
\X@c=\dimen129
\Y@c=\dimen130
\U@c=\dimen131
\D@c=\dimen132
\L@c=\dimen133
\R@c=\dimen134
\Edge@c=\toks21
\X@p=\dimen135
\Y@p=\dimen136
\U@p=\dimen137
\D@p=\dimen138
\L@p=\dimen139
\R@p=\dimen140
\Edge@p=\toks22
\X@origin=\dimen141
\Y@origin=\dimen142
\X@xbase=\dimen143
\Y@xbase=\dimen144
\X@ybase=\dimen145
\Y@ybase=\dimen146
\X@min=\dimen147
\Y@min=\dimen148
\X@max=\dimen149
\Y@max=\dimen150
\lastobjectbox@=\box33
\zerodotbox@=\box34
\almostz@=\dimen151
 direction,
\d@X=\dimen152
\d@Y=\dimen153
\K@=\count110
\KK@=\count111
\Direction=\count112
\K@dXdY=\dimen154
\K@dYdX=\dimen155
\xyread@=\read1
\xywrite@=\write4
\csp@=\count113
\quotPTK@=\dimen156

utility macros; pictures: \xy, positions,
\swaptoks@@=\toks23
\connectobjectbox@@=\box35
 objects,
\styletoks@=\toks24
 decorations;
kernel objects: directionals, circles, text; options; algorithms: directions,
edges, connections;  Xy-pic loaded)
Package: xy 2012/05/24 Xy-pic version 3.8.8

("C:\New Softwares\MikTex\tex\generic\xypic\xyall.tex"
 Xy-pic option: All features v.3.8
("C:\New Softwares\MikTex\tex\generic\xypic\xycurve.tex"
 Xy-pic option: Curve and Spline extension v.3.12 curve,
\crv@cnt@=\count114
\crvpts@=\toks25
\splinebox@=\box36
\splineval@=\dimen157
\splinedepth@=\dimen158
\splinetol@=\dimen159
\splinelength@=\dimen160
 circles,
\L@=\dimen161
 loaded)
("C:\New Softwares\MikTex\tex\generic\xypic\xyframe.tex"
 Xy-pic option: Frame and Bracket extension v.3.14 loaded)
("C:\New Softwares\MikTex\tex\generic\xypic\xycmtip.tex"
 Xy-pic option: Computer Modern tip extension v.3.7
("C:\New Softwares\MikTex\tex\generic\xypic\xytips.tex"
 Xy-pic option: More Tips extension v.3.9 loaded) loaded)
("C:\New Softwares\MikTex\tex\generic\xypic\xyline.tex"
 Xy-pic option: Line styles extension v.3.10
\xylinethick@=\dimen162
 loaded)
("C:\New Softwares\MikTex\tex\generic\xypic\xyrotate.tex"
 Xy-pic option: Rotate and Scale extension v.3.8 loaded)
("C:\New Softwares\MikTex\tex\generic\xypic\xycolor.tex"
 Xy-pic option: Colour extension v.3.11 loaded)
("C:\New Softwares\MikTex\tex\generic\xypic\xymatrix.tex"
 Xy-pic option: Matrix feature v.3.14
\Row=\count115
\Col=\count116
\queue@=\toks26
\queue@@=\toks27
\qcount@=\count117
\qcount@@=\count118
\matrixsize@=\count119
 loaded)
("C:\New Softwares\MikTex\tex\generic\xypic\xyarrow.tex"
 Xy-pic option: Arrow and Path feature v.3.9 path, \ar, loaded)
("C:\New Softwares\MikTex\tex\generic\xypic\xygraph.tex"
 Xy-pic option: Graph feature v.3.11 loaded) loaded)
("C:\New Softwares\MikTex\tex\generic\xypic\xypdf.tex"
 Xy-pic option: PDF driver v.1.7 Xy-pic pdf driver: `color' extension support
("C:\New Softwares\MikTex\tex\generic\xypic\xypdf-co.tex" loaded)
Xy-pic pdf driver: `curve' extension support
("C:\New Softwares\MikTex\tex\generic\xypic\xypdf-cu.tex" loaded)
Xy-pic pdf driver: `frame' extension support
("C:\New Softwares\MikTex\tex\generic\xypic\xypdf-fr.tex" loaded)
Xy-pic pdf driver: `line' extension support
("C:\New Softwares\MikTex\tex\generic\xypic\xypdf-li.tex" loaded)
Xy-pic pdf driver: `rotate' extension support
("C:\New Softwares\MikTex\tex\generic\xypic\xypdf-ro.tex" loaded) loaded))
("C:\New Softwares\MikTex\tex\latex\amsmath\amsmath.sty"
Package: amsmath 2013/01/14 v2.14 AMS math features
\@mathmargin=\skip52

For additional information on amsmath, use the `?' option.
("C:\New Softwares\MikTex\tex\latex\amsmath\amstext.sty"
Package: amstext 2000/06/29 v2.01

("C:\New Softwares\MikTex\tex\latex\amsmath\amsgen.sty"
File: amsgen.sty 1999/11/30 v2.0
\@emptytoks=\toks28
\ex@=\dimen163
))
("C:\New Softwares\MikTex\tex\latex\amsmath\amsbsy.sty"
Package: amsbsy 1999/11/29 v1.2d
\pmbraise@=\dimen164
)
("C:\New Softwares\MikTex\tex\latex\amsmath\amsopn.sty"
Package: amsopn 1999/12/14 v2.01 operator names
)
\inf@bad=\count120
LaTeX Info: Redefining \frac on input line 210.
\uproot@=\count121
\leftroot@=\count122
LaTeX Info: Redefining \overline on input line 306.
\classnum@=\count123
\DOTSCASE@=\count124
LaTeX Info: Redefining \ldots on input line 378.
LaTeX Info: Redefining \dots on input line 381.
LaTeX Info: Redefining \cdots on input line 466.
\Mathstrutbox@=\box37
\strutbox@=\box38
\big@size=\dimen165
LaTeX Font Info:    Redeclaring font encoding OML on input line 566.
LaTeX Font Info:    Redeclaring font encoding OMS on input line 567.
\macc@depth=\count125
\c@MaxMatrixCols=\count126
\dotsspace@=\muskip11
\c@parentequation=\count127
\dspbrk@lvl=\count128
\tag@help=\toks29
\row@=\count129
\column@=\count130
\maxfields@=\count131
\andhelp@=\toks30
\eqnshift@=\dimen166
\alignsep@=\dimen167
\tagshift@=\dimen168
\tagwidth@=\dimen169
\totwidth@=\dimen170
\lineht@=\dimen171
\@envbody=\toks31
\multlinegap=\skip53
\multlinetaggap=\skip54
\mathdisplay@stack=\toks32
LaTeX Info: Redefining \[ on input line 2665.
LaTeX Info: Redefining \] on input line 2666.
)
("C:\New Softwares\MikTex\tex\latex\amsfonts\amssymb.sty"
Package: amssymb 2013/01/14 v3.01 AMS font symbols

("C:\New Softwares\MikTex\tex\latex\amsfonts\amsfonts.sty"
Package: amsfonts 2013/01/14 v3.01 Basic AMSFonts support
LaTeX Font Info:    Redeclaring symbol font `AMSa' on input line 59.
LaTeX Font Info:    Overwriting symbol font `AMSa' in version `normal'
(Font)                  U/txsya/m/n --> U/msa/m/n on input line 59.
LaTeX Font Info:    Overwriting symbol font `AMSa' in version `bold'
(Font)                  U/txsya/bx/n --> U/msa/m/n on input line 59.
LaTeX Font Info:    Redeclaring symbol font `AMSb' on input line 60.
LaTeX Font Info:    Overwriting symbol font `AMSb' in version `normal'
(Font)                  U/txsyb/m/n --> U/msb/m/n on input line 60.
LaTeX Font Info:    Overwriting symbol font `AMSb' in version `bold'
(Font)                  U/txsyb/bx/n --> U/msb/m/n on input line 60.
LaTeX Font Info:    Redeclaring math delimiter \ulcorner on input line 74.
LaTeX Font Info:    Redeclaring math delimiter \urcorner on input line 75.
LaTeX Font Info:    Redeclaring math delimiter \llcorner on input line 76.
LaTeX Font Info:    Redeclaring math delimiter \lrcorner on input line 77.
LaTeX Font Info:    Redeclaring math symbol \square on input line 141.
LaTeX Font Info:    Redeclaring math symbol \lozenge on input line 142.
)
LaTeX Font Info:    Redeclaring math symbol \boxdot on input line 44.
LaTeX Font Info:    Redeclaring math symbol \boxplus on input line 45.
LaTeX Font Info:    Redeclaring math symbol \boxtimes on input line 46.
LaTeX Font Info:    Redeclaring math symbol \blacksquare on input line 48.
LaTeX Font Info:    Redeclaring math symbol \centerdot on input line 49.
LaTeX Font Info:    Redeclaring math symbol \blacklozenge on input line 51.
LaTeX Font Info:    Redeclaring math symbol \circlearrowright on input line 52.

LaTeX Font Info:    Redeclaring math symbol \circlearrowleft on input line 53.
LaTeX Font Info:    Redeclaring math symbol \leftrightharpoons on input line 56
.
LaTeX Font Info:    Redeclaring math symbol \boxminus on input line 57.
LaTeX Font Info:    Redeclaring math symbol \Vdash on input line 58.
LaTeX Font Info:    Redeclaring math symbol \Vvdash on input line 59.
LaTeX Font Info:    Redeclaring math symbol \vDash on input line 60.
LaTeX Font Info:    Redeclaring math symbol \twoheadrightarrow on input line 61
.
LaTeX Font Info:    Redeclaring math symbol \twoheadleftarrow on input line 62.

LaTeX Font Info:    Redeclaring math symbol \leftleftarrows on input line 63.
LaTeX Font Info:    Redeclaring math symbol \rightrightarrows on input line 64.

LaTeX Font Info:    Redeclaring math symbol \upuparrows on input line 65.
LaTeX Font Info:    Redeclaring math symbol \downdownarrows on input line 66.
LaTeX Font Info:    Redeclaring math symbol \upharpoonright on input line 67.
LaTeX Font Info:    Redeclaring math symbol \downharpoonright on input line 69.

LaTeX Font Info:    Redeclaring math symbol \upharpoonleft on input line 70.
LaTeX Font Info:    Redeclaring math symbol \downharpoonleft on input line 71.
LaTeX Font Info:    Redeclaring math symbol \rightarrowtail on input line 72.
LaTeX Font Info:    Redeclaring math symbol \leftarrowtail on input line 73.
LaTeX Font Info:    Redeclaring math symbol \leftrightarrows on input line 74.
LaTeX Font Info:    Redeclaring math symbol \rightleftarrows on input line 75.
LaTeX Font Info:    Redeclaring math symbol \Lsh on input line 76.
LaTeX Font Info:    Redeclaring math symbol \Rsh on input line 77.
LaTeX Font Info:    Redeclaring math symbol \leftrightsquigarrow on input line 
79.
LaTeX Font Info:    Redeclaring math symbol \looparrowleft on input line 80.
LaTeX Font Info:    Redeclaring math symbol \looparrowright on input line 81.
LaTeX Font Info:    Redeclaring math symbol \circeq on input line 82.
LaTeX Font Info:    Redeclaring math symbol \succsim on input line 83.
LaTeX Font Info:    Redeclaring math symbol \gtrsim on input line 84.
LaTeX Font Info:    Redeclaring math symbol \gtrapprox on input line 85.
LaTeX Font Info:    Redeclaring math symbol \multimap on input line 86.
LaTeX Font Info:    Redeclaring math symbol \therefore on input line 87.
LaTeX Font Info:    Redeclaring math symbol \because on input line 88.
LaTeX Font Info:    Redeclaring math symbol \doteqdot on input line 89.
LaTeX Font Info:    Redeclaring math symbol \triangleq on input line 91.
LaTeX Font Info:    Redeclaring math symbol \precsim on input line 92.
LaTeX Font Info:    Redeclaring math symbol \lesssim on input line 93.
LaTeX Font Info:    Redeclaring math symbol \lessapprox on input line 94.
LaTeX Font Info:    Redeclaring math symbol \eqslantless on input line 95.
LaTeX Font Info:    Redeclaring math symbol \eqslantgtr on input line 96.
LaTeX Font Info:    Redeclaring math symbol \curlyeqprec on input line 97.
LaTeX Font Info:    Redeclaring math symbol \curlyeqsucc on input line 98.
LaTeX Font Info:    Redeclaring math symbol \preccurlyeq on input line 99.
LaTeX Font Info:    Redeclaring math symbol \leqq on input line 100.
LaTeX Font Info:    Redeclaring math symbol \leqslant on input line 101.
LaTeX Font Info:    Redeclaring math symbol \lessgtr on input line 102.
LaTeX Font Info:    Redeclaring math symbol \backprime on input line 103.
LaTeX Font Info:    Redeclaring math symbol \risingdotseq on input line 104.
LaTeX Font Info:    Redeclaring math symbol \fallingdotseq on input line 105.
LaTeX Font Info:    Redeclaring math symbol \succcurlyeq on input line 106.
LaTeX Font Info:    Redeclaring math symbol \geqq on input line 107.
LaTeX Font Info:    Redeclaring math symbol \geqslant on input line 108.
LaTeX Font Info:    Redeclaring math symbol \gtrless on input line 109.
LaTeX Font Info:    Redeclaring math symbol \bigstar on input line 117.
LaTeX Font Info:    Redeclaring math symbol \between on input line 118.
LaTeX Font Info:    Redeclaring math symbol \blacktriangledown on input line 11
9.
LaTeX Font Info:    Redeclaring math symbol \blacktriangleright on input line 1
20.
LaTeX Font Info:    Redeclaring math symbol \blacktriangleleft on input line 12
1.
LaTeX Font Info:    Redeclaring math symbol \vartriangle on input line 122.
LaTeX Font Info:    Redeclaring math symbol \blacktriangle on input line 123.
LaTeX Font Info:    Redeclaring math symbol \triangledown on input line 124.
LaTeX Font Info:    Redeclaring math symbol \eqcirc on input line 125.
LaTeX Font Info:    Redeclaring math symbol \lesseqgtr on input line 126.
LaTeX Font Info:    Redeclaring math symbol \gtreqless on input line 127.
LaTeX Font Info:    Redeclaring math symbol \lesseqqgtr on input line 128.
LaTeX Font Info:    Redeclaring math symbol \gtreqqless on input line 129.
LaTeX Font Info:    Redeclaring math symbol \Rrightarrow on input line 130.
LaTeX Font Info:    Redeclaring math symbol \Lleftarrow on input line 131.
LaTeX Font Info:    Redeclaring math symbol \veebar on input line 132.
LaTeX Font Info:    Redeclaring math symbol \barwedge on input line 133.
LaTeX Font Info:    Redeclaring math symbol \doublebarwedge on input line 134.
LaTeX Font Info:    Redeclaring math symbol \measuredangle on input line 137.
LaTeX Font Info:    Redeclaring math symbol \sphericalangle on input line 138.
LaTeX Font Info:    Redeclaring math symbol \varpropto on input line 139.
LaTeX Font Info:    Redeclaring math symbol \smallsmile on input line 140.
LaTeX Font Info:    Redeclaring math symbol \smallfrown on input line 141.
LaTeX Font Info:    Redeclaring math symbol \Subset on input line 142.
LaTeX Font Info:    Redeclaring math symbol \Supset on input line 143.
LaTeX Font Info:    Redeclaring math symbol \Cup on input line 144.
LaTeX Font Info:    Redeclaring math symbol \Cap on input line 146.
LaTeX Font Info:    Redeclaring math symbol \curlywedge on input line 148.
LaTeX Font Info:    Redeclaring math symbol \curlyvee on input line 149.
LaTeX Font Info:    Redeclaring math symbol \leftthreetimes on input line 150.
LaTeX Font Info:    Redeclaring math symbol \rightthreetimes on input line 151.

LaTeX Font Info:    Redeclaring math symbol \subseteqq on input line 152.
LaTeX Font Info:    Redeclaring math symbol \supseteqq on input line 153.
LaTeX Font Info:    Redeclaring math symbol \bumpeq on input line 154.
LaTeX Font Info:    Redeclaring math symbol \Bumpeq on input line 155.
LaTeX Font Info:    Redeclaring math symbol \lll on input line 156.
LaTeX Font Info:    Redeclaring math symbol \ggg on input line 158.
LaTeX Font Info:    Redeclaring math symbol \circledS on input line 160.
LaTeX Font Info:    Redeclaring math symbol \pitchfork on input line 161.
LaTeX Font Info:    Redeclaring math symbol \dotplus on input line 162.
LaTeX Font Info:    Redeclaring math symbol \backsim on input line 163.
LaTeX Font Info:    Redeclaring math symbol \backsimeq on input line 164.
LaTeX Font Info:    Redeclaring math symbol \complement on input line 165.
LaTeX Font Info:    Redeclaring math symbol \intercal on input line 166.
LaTeX Font Info:    Redeclaring math symbol \circledcirc on input line 167.
LaTeX Font Info:    Redeclaring math symbol \circledast on input line 168.
LaTeX Font Info:    Redeclaring math symbol \circleddash on input line 169.
LaTeX Font Info:    Redeclaring math symbol \lvertneqq on input line 171.
LaTeX Font Info:    Redeclaring math symbol \gvertneqq on input line 172.
LaTeX Font Info:    Redeclaring math symbol \nleq on input line 173.
LaTeX Font Info:    Redeclaring math symbol \ngeq on input line 174.
LaTeX Font Info:    Redeclaring math symbol \nless on input line 175.
LaTeX Font Info:    Redeclaring math symbol \ngtr on input line 176.
LaTeX Font Info:    Redeclaring math symbol \nprec on input line 177.
LaTeX Font Info:    Redeclaring math symbol \nsucc on input line 178.
LaTeX Font Info:    Redeclaring math symbol \lneqq on input line 179.
LaTeX Font Info:    Redeclaring math symbol \gneqq on input line 180.
LaTeX Font Info:    Redeclaring math symbol \nleqslant on input line 181.
LaTeX Font Info:    Redeclaring math symbol \ngeqslant on input line 182.
LaTeX Font Info:    Redeclaring math symbol \lneq on input line 183.
LaTeX Font Info:    Redeclaring math symbol \gneq on input line 184.
LaTeX Font Info:    Redeclaring math symbol \npreceq on input line 185.
LaTeX Font Info:    Redeclaring math symbol \nsucceq on input line 186.
LaTeX Font Info:    Redeclaring math symbol \precnsim on input line 187.
LaTeX Font Info:    Redeclaring math symbol \succnsim on input line 188.
LaTeX Font Info:    Redeclaring math symbol \lnsim on input line 189.
LaTeX Font Info:    Redeclaring math symbol \gnsim on input line 190.
LaTeX Font Info:    Redeclaring math symbol \nleqq on input line 191.
LaTeX Font Info:    Redeclaring math symbol \ngeqq on input line 192.
LaTeX Font Info:    Redeclaring math symbol \precneqq on input line 193.
LaTeX Font Info:    Redeclaring math symbol \succneqq on input line 194.
LaTeX Font Info:    Redeclaring math symbol \precnapprox on input line 195.
LaTeX Font Info:    Redeclaring math symbol \succnapprox on input line 196.
LaTeX Font Info:    Redeclaring math symbol \lnapprox on input line 197.
LaTeX Font Info:    Redeclaring math symbol \gnapprox on input line 198.
LaTeX Font Info:    Redeclaring math symbol \nsim on input line 199.
LaTeX Font Info:    Redeclaring math symbol \ncong on input line 200.
LaTeX Font Info:    Redeclaring math symbol \diagup on input line 201.
LaTeX Font Info:    Redeclaring math symbol \diagdown on input line 202.
LaTeX Font Info:    Redeclaring math symbol \varsubsetneq on input line 203.
LaTeX Font Info:    Redeclaring math symbol \varsupsetneq on input line 204.
LaTeX Font Info:    Redeclaring math symbol \nsubseteqq on input line 205.
LaTeX Font Info:    Redeclaring math symbol \nsupseteqq on input line 206.
LaTeX Font Info:    Redeclaring math symbol \subsetneqq on input line 207.
LaTeX Font Info:    Redeclaring math symbol \supsetneqq on input line 208.
LaTeX Font Info:    Redeclaring math symbol \varsubsetneqq on input line 209.
LaTeX Font Info:    Redeclaring math symbol \varsupsetneqq on input line 210.
LaTeX Font Info:    Redeclaring math symbol \subsetneq on input line 211.
LaTeX Font Info:    Redeclaring math symbol \supsetneq on input line 212.
LaTeX Font Info:    Redeclaring math symbol \nsubseteq on input line 213.
LaTeX Font Info:    Redeclaring math symbol \nsupseteq on input line 214.
LaTeX Font Info:    Redeclaring math symbol \nparallel on input line 215.
LaTeX Font Info:    Redeclaring math symbol \nmid on input line 216.
LaTeX Font Info:    Redeclaring math symbol \nshortmid on input line 217.
LaTeX Font Info:    Redeclaring math symbol \nshortparallel on input line 218.
LaTeX Font Info:    Redeclaring math symbol \nvdash on input line 219.
LaTeX Font Info:    Redeclaring math symbol \nVdash on input line 220.
LaTeX Font Info:    Redeclaring math symbol \nvDash on input line 221.
LaTeX Font Info:    Redeclaring math symbol \nVDash on input line 222.
LaTeX Font Info:    Redeclaring math symbol \ntrianglerighteq on input line 223
.
LaTeX Font Info:    Redeclaring math symbol \ntrianglelefteq on input line 224.

LaTeX Font Info:    Redeclaring math symbol \ntriangleleft on input line 225.
LaTeX Font Info:    Redeclaring math symbol \ntriangleright on input line 226.
LaTeX Font Info:    Redeclaring math symbol \nleftarrow on input line 227.
LaTeX Font Info:    Redeclaring math symbol \nrightarrow on input line 228.
LaTeX Font Info:    Redeclaring math symbol \nLeftarrow on input line 229.
LaTeX Font Info:    Redeclaring math symbol \nRightarrow on input line 230.
LaTeX Font Info:    Redeclaring math symbol \nLeftrightarrow on input line 231.

LaTeX Font Info:    Redeclaring math symbol \nleftrightarrow on input line 232.

LaTeX Font Info:    Redeclaring math symbol \divideontimes on input line 233.
LaTeX Font Info:    Redeclaring math symbol \varnothing on input line 234.
LaTeX Font Info:    Redeclaring math symbol \nexists on input line 235.
LaTeX Font Info:    Redeclaring math symbol \Finv on input line 236.
LaTeX Font Info:    Redeclaring math symbol \Game on input line 237.
LaTeX Font Info:    Redeclaring math symbol \eth on input line 240.
LaTeX Font Info:    Redeclaring math symbol \eqsim on input line 241.
LaTeX Font Info:    Redeclaring math symbol \beth on input line 242.
LaTeX Font Info:    Redeclaring math symbol \gimel on input line 243.
LaTeX Font Info:    Redeclaring math symbol \daleth on input line 244.
LaTeX Font Info:    Redeclaring math symbol \lessdot on input line 245.
LaTeX Font Info:    Redeclaring math symbol \gtrdot on input line 246.
LaTeX Font Info:    Redeclaring math symbol \ltimes on input line 247.
LaTeX Font Info:    Redeclaring math symbol \rtimes on input line 248.
LaTeX Font Info:    Redeclaring math symbol \shortmid on input line 249.
LaTeX Font Info:    Redeclaring math symbol \shortparallel on input line 250.
LaTeX Font Info:    Redeclaring math symbol \smallsetminus on input line 251.
LaTeX Font Info:    Redeclaring math symbol \thicksim on input line 252.
LaTeX Font Info:    Redeclaring math symbol \thickapprox on input line 253.
LaTeX Font Info:    Redeclaring math symbol \approxeq on input line 254.
LaTeX Font Info:    Redeclaring math symbol \succapprox on input line 255.
LaTeX Font Info:    Redeclaring math symbol \precapprox on input line 256.
LaTeX Font Info:    Redeclaring math symbol \curvearrowleft on input line 257.
LaTeX Font Info:    Redeclaring math symbol \curvearrowright on input line 258.

LaTeX Font Info:    Redeclaring math symbol \digamma on input line 259.
LaTeX Font Info:    Redeclaring math symbol \varkappa on input line 260.
LaTeX Font Info:    Redeclaring math symbol \Bbbk on input line 261.
LaTeX Font Info:    Redeclaring math symbol \hslash on input line 262.
LaTeX Font Info:    Redeclaring math symbol \backepsilon on input line 265.
)
("C:\New Softwares\MikTex\tex\latex\booktabs\booktabs.sty"
Package: booktabs 2005/04/14 v1.61803 publication quality tables
\heavyrulewidth=\dimen172
\lightrulewidth=\dimen173
\cmidrulewidth=\dimen174
\belowrulesep=\dimen175
\belowbottomsep=\dimen176
\aboverulesep=\dimen177
\abovetopsep=\dimen178
\cmidrulesep=\dimen179
\cmidrulekern=\dimen180
\defaultaddspace=\dimen181
\@cmidla=\count132
\@cmidlb=\count133
\@aboverulesep=\dimen182
\@belowrulesep=\dimen183
\@thisruleclass=\count134
\@lastruleclass=\count135
\@thisrulewidth=\dimen184
)
("C:\New Softwares\MikTex\tex\latex\jknappen\mathrsfs.sty"
Package: mathrsfs 1996/01/01 Math RSFS package v1.0 (jk)
\symrsfs=\mathgroup10
)
("C:\New Softwares\MikTex\tex\latex\graphics\color.sty"
Package: color 2005/11/14 v1.0j Standard LaTeX Color (DPC)

("C:\New Softwares\MikTex\tex\latex\00miktex\color.cfg"
File: color.cfg 2007/01/18 v1.5 color configuration of teTeX/TeXLive
)
Package color Info: Driver file: pdftex.def on input line 130.
)
("C:\New Softwares\MikTex\tex\latex\colortbl\colortbl.sty"
Package: colortbl 2012/02/13 v1.0a Color table columns (DPC)

("C:\New Softwares\MikTex\tex\latex\tools\array.sty"
Package: array 2008/09/09 v2.4c Tabular extension package (FMi)
\col@sep=\dimen185
\extrarowheight=\dimen186
\NC@list=\toks33
\extratabsurround=\skip55
\backup@length=\skip56
)
\everycr=\toks34
\minrowclearance=\skip57
)
("C:\New Softwares\MikTex\tex\latex\xcolor\xcolor.sty"
Package: xcolor 2007/01/21 v2.11 LaTeX color extensions (UK)

("C:\New Softwares\MikTex\tex\latex\00miktex\color.cfg"
File: color.cfg 2007/01/18 v1.5 color configuration of teTeX/TeXLive
)
Package xcolor Info: Driver file: pdftex.def on input line 225.
LaTeX Info: Redefining \color on input line 702.
\rownum=\count136
Package xcolor Info: Model `cmy' substituted by `cmy0' on input line 1337.
Package xcolor Info: Model `hsb' substituted by `rgb' on input line 1341.
Package xcolor Info: Model `RGB' extended on input line 1353.
Package xcolor Info: Model `HTML' substituted by `rgb' on input line 1355.
Package xcolor Info: Model `Hsb' substituted by `hsb' on input line 1356.
Package xcolor Info: Model `tHsb' substituted by `hsb' on input line 1357.
Package xcolor Info: Model `HSB' substituted by `hsb' on input line 1358.
Package xcolor Info: Model `Gray' substituted by `gray' on input line 1359.
Package xcolor Info: Model `wave' substituted by `hsb' on input line 1360.
)
("C:\New Softwares\MikTex\tex\latex\tools\multicol.sty"
Package: multicol 2011/06/27 v1.7a multicolumn formatting (FMi)
\c@tracingmulticols=\count137


Package multicol Warning: May not work with the twocolumn option on input line 
135.

\mult@box=\box39
\multicol@leftmargin=\dimen187
\c@unbalance=\count138
\c@collectmore=\count139
\doublecol@number=\count140
\multicoltolerance=\count141
\multicolpretolerance=\count142
\full@width=\dimen188
\page@free=\dimen189
\premulticols=\dimen190
\postmulticols=\dimen191
\multicolsep=\skip58
\multicolbaselineskip=\skip59
\partial@page=\box40
\last@line=\box41
\mult@rightbox=\box42
\mult@grightbox=\box43
\mult@gfirstbox=\box44
\mult@firstbox=\box45
\@tempa=\box46
\@tempa=\box47
\@tempa=\box48
\@tempa=\box49
\@tempa=\box50
\@tempa=\box51
\@tempa=\box52
\@tempa=\box53
\@tempa=\box54
\@tempa=\box55
\@tempa=\box56
\@tempa=\box57
\@tempa=\box58
\@tempa=\box59
\@tempa=\box60
\@tempa=\box61
\@tempa=\box62
\c@columnbadness=\count143
\c@finalcolumnbadness=\count144
\last@try=\dimen192
\multicolovershoot=\dimen193
\multicolundershoot=\dimen194
\mult@nat@firstbox=\box63
\colbreak@box=\box64
\multicol@sort@counter=\count145
) ("C:\New Softwares\MikTex\tex\latex\listings\listings.sty"
\lst@mode=\count146
\lst@gtempboxa=\box65
\lst@token=\toks35
\lst@length=\count147
\lst@currlwidth=\dimen195
\lst@column=\count148
\lst@pos=\count149
\lst@lostspace=\dimen196
\lst@width=\dimen197
\lst@newlines=\count150
\lst@lineno=\count151
\lst@maxwidth=\dimen198

("C:\New Softwares\MikTex\tex\latex\listings\lstmisc.sty"
File: lstmisc.sty 2007/02/22 1.4 (Carsten Heinz)
\c@lstnumber=\count152
\lst@skipnumbers=\count153
\lst@framebox=\box66
)
("C:\New Softwares\MikTex\tex\latex\listings\listings.cfg"
File: listings.cfg 2007/02/22 1.4 listings configuration
))
Package: listings 2007/02/22 1.4 (Carsten Heinz)

("C:\New Softwares\MikTex\tex\latex\listings\lstlang1.sty"
File: lstlang1.sty 2004/09/05 1.3 listings language file
)
("C:\New Softwares\MikTex\tex\latex\oberdiek\epstopdf.sty"
Package: epstopdf 2010/02/09 v2.5 Conversion with epstopdf on the fly (HO)

("C:\New Softwares\MikTex\tex\latex\oberdiek\epstopdf-base.sty"
Package: epstopdf-base 2010/02/09 v2.5 Base part for package epstopdf

("C:\New Softwares\MikTex\tex\latex\oberdiek\grfext.sty"
Package: grfext 2010/08/19 v1.1 Manage graphics extensions (HO)

("C:\New Softwares\MikTex\tex\generic\oberdiek\kvdefinekeys.sty"
Package: kvdefinekeys 2011/04/07 v1.3 Define keys (HO)
))
("C:\New Softwares\MikTex\tex\latex\oberdiek\kvoptions.sty"
Package: kvoptions 2011/06/30 v3.11 Key value format for package options (HO)

("C:\New Softwares\MikTex\tex\generic\oberdiek\kvsetkeys.sty"
Package: kvsetkeys 2012/04/25 v1.16 Key value parser (HO)

("C:\New Softwares\MikTex\tex\generic\oberdiek\etexcmds.sty"
Package: etexcmds 2011/02/16 v1.5 Avoid name clashes with e-TeX commands (HO)

("C:\New Softwares\MikTex\tex\generic\oberdiek\ifluatex.sty"
Package: ifluatex 2010/03/01 v1.3 Provides the ifluatex switch (HO)
Package ifluatex Info: LuaTeX not detected.
)
Package etexcmds Info: Could not find \expanded.
(etexcmds)             That can mean that you are not using pdfTeX 1.50 or
(etexcmds)             that some package has redefined \expanded.
(etexcmds)             In the latter case, load this package earlier.
)))
("C:\New Softwares\MikTex\tex\generic\oberdiek\pdftexcmds.sty"
Package: pdftexcmds 2011/11/29 v0.20 Utility functions of pdfTeX for LuaTeX (HO
)
Package pdftexcmds Info: LuaTeX not detected.
Package pdftexcmds Info: \pdf@primitive is available.
Package pdftexcmds Info: \pdf@ifprimitive is available.
Package pdftexcmds Info: \pdfdraftmode found.
)
Package grfext Info: Graphics extension search list:
(grfext)             [.png,.pdf,.jpg,.mps,.jpeg,.jbig2,.jb2,.PNG,.PDF,.JPG,.JPE
G,.JBIG2,.JB2,.eps]
(grfext)             \AppendGraphicsExtensions on input line 452.
))
("C:\New Softwares\MikTex\tex\latex\hyphenat\hyphenat.sty"
Package: hyphenat 2009/09/02 v2.3c hyphenation utilities
\langwohyphens=\language69
LaTeX Info: Redefining \_ on input line 43.
)
("C:\New Softwares\MikTex\tex\latex\hyperref\hyperref.sty"
Package: hyperref 2012/11/06 v6.83m Hypertext links for LaTeX

("C:\New Softwares\MikTex\tex\generic\oberdiek\hobsub-hyperref.sty"
Package: hobsub-hyperref 2012/04/25 v1.12 Bundle oberdiek, subset hyperref (HO)


("C:\New Softwares\MikTex\tex\generic\oberdiek\hobsub-generic.sty"
Package: hobsub-generic 2012/04/25 v1.12 Bundle oberdiek, subset generic (HO)
Package: hobsub 2012/04/25 v1.12 Construct package bundles (HO)
Package hobsub Info: Skipping package `infwarerr' (already loaded).
Package hobsub Info: Skipping package `ltxcmds' (already loaded).
Package hobsub Info: Skipping package `ifluatex' (already loaded).
Package hobsub Info: Skipping package `ifvtex' (already loaded).
Package: intcalc 2007/09/27 v1.1 Expandable calculations with integers (HO)
Package hobsub Info: Skipping package `ifpdf' (already loaded).
Package hobsub Info: Skipping package `etexcmds' (already loaded).
Package hobsub Info: Skipping package `kvsetkeys' (already loaded).
Package hobsub Info: Skipping package `kvdefinekeys' (already loaded).
Package hobsub Info: Skipping package `pdftexcmds' (already loaded).
Package: pdfescape 2011/11/25 v1.13 Implements pdfTeX's escape features (HO)
Package: bigintcalc 2012/04/08 v1.3 Expandable calculations on big integers (HO
)
Package: bitset 2011/01/30 v1.1 Handle bit-vector datatype (HO)
Package: uniquecounter 2011/01/30 v1.2 Provide unlimited unique counter (HO)
)
Package hobsub Info: Skipping package `hobsub' (already loaded).
Package: letltxmacro 2010/09/02 v1.4 Let assignment for LaTeX macros (HO)
Package: hopatch 2011/06/24 v1.1 Wrapper for package hooks (HO)
Package: xcolor-patch 2011/01/30 xcolor patch
Package: atveryend 2011/06/30 v1.8 Hooks at the very end of document (HO)
Package atveryend Info: \enddocument detected (standard20110627).
Package: atbegshi 2011/10/05 v1.16 At begin shipout hook (HO)
Package: refcount 2011/10/16 v3.4 Data extraction from label references (HO)
Package: hycolor 2011/01/30 v1.7 Color options for hyperref/bookmark (HO)
)
("C:\New Softwares\MikTex\tex\latex\oberdiek\auxhook.sty"
Package: auxhook 2011/03/04 v1.3 Hooks for auxiliary files (HO)
)
\@linkdim=\dimen199
\Hy@linkcounter=\count154
\Hy@pagecounter=\count155

("C:\New Softwares\MikTex\tex\latex\hyperref\pd1enc.def"
File: pd1enc.def 2012/11/06 v6.83m Hyperref: PDFDocEncoding definition (HO)
)
\Hy@SavedSpaceFactor=\count156

("C:\New Softwares\MikTex\tex\latex\00miktex\hyperref.cfg"
File: hyperref.cfg 2002/06/06 v1.2 hyperref configuration of TeXLive
)
Package hyperref Info: Option `final' set `true' on input line 4319.
Package hyperref Info: Option `colorlinks' set `true' on input line 4319.
Package hyperref Info: Hyper figures OFF on input line 4443.
Package hyperref Info: Link nesting OFF on input line 4448.
Package hyperref Info: Hyper index ON on input line 4451.
Package hyperref Info: Plain pages OFF on input line 4458.
Package hyperref Info: Backreferencing ON on input line 4461.
Package hyperref Info: Implicit mode ON; LaTeX internals redefined.
Package hyperref Info: Bookmarks ON on input line 4688.

("C:\New Softwares\MikTex\tex\latex\hyperref\backref.sty"
Package: backref 2012/07/25 v1.38 Bibliographical back referencing

("C:\New Softwares\MikTex\tex\latex\oberdiek\rerunfilecheck.sty"
Package: rerunfilecheck 2011/04/15 v1.7 Rerun checks for auxiliary files (HO)
Package uniquecounter Info: New unique counter `rerunfilecheck' on input line 2
82.
))
\c@Hy@tempcnt=\count157
LaTeX Info: Redefining \url on input line 5041.
\XeTeXLinkMargin=\dimen200
\Fld@menulength=\count158
\Field@Width=\dimen201
\Fld@charsize=\dimen202
Package hyperref Info: Hyper figures OFF on input line 6295.
Package hyperref Info: Link nesting OFF on input line 6300.
Package hyperref Info: Hyper index ON on input line 6303.
Package hyperref Info: backreferencing ON on input line 6308.
Package hyperref Info: Link coloring ON on input line 6313.
Package hyperref Info: Link coloring with OCG OFF on input line 6320.
Package hyperref Info: PDF/A mode OFF on input line 6325.
LaTeX Info: Redefining \ref on input line 6365.
LaTeX Info: Redefining \pageref on input line 6369.
\Hy@abspage=\count159
\c@Item=\count160
\c@Hfootnote=\count161
)

Package hyperref Message: Driver (autodetected): hpdftex.

("C:\New Softwares\MikTex\tex\latex\hyperref\hpdftex.def"
File: hpdftex.def 2012/11/06 v6.83m Hyperref driver for pdfTeX
\Fld@listcount=\count162
\c@bookmark@seq@number=\count163
\Hy@SectionHShift=\skip60
)
("C:\New Softwares\MikTex\tex\latex\preprint\balance.sty"
Package: balance 1999/02/23 4.3 (PWD)
\oldvsize=\dimen203
)
("G:\Manikantan Sir's Project\Assignments\Assignment10(26.4.14)\Senior's\Matlab
 Codes\Final week8\week8.aux")
LaTeX Font Info:    Checking defaults for OML/txmi/m/it on input line 29.
LaTeX Font Info:    Try loading font information for OML+txmi on input line 29.


("C:\New Softwares\MikTex\tex\latex\txfonts\omltxmi.fd"
File: omltxmi.fd 2000/12/15 v3.1
)
LaTeX Font Info:    ... okay on input line 29.
LaTeX Font Info:    Checking defaults for T1/cmr/m/n on input line 29.
LaTeX Font Info:    ... okay on input line 29.
LaTeX Font Info:    Checking defaults for OT1/cmr/m/n on input line 29.
LaTeX Font Info:    ... okay on input line 29.
LaTeX Font Info:    Checking defaults for OMS/txsy/m/n on input line 29.
LaTeX Font Info:    Try loading font information for OMS+txsy on input line 29.


("C:\New Softwares\MikTex\tex\latex\txfonts\omstxsy.fd"
File: omstxsy.fd 2000/12/15 v3.1
)
LaTeX Font Info:    ... okay on input line 29.
LaTeX Font Info:    Checking defaults for OMX/txex/m/n on input line 29.
LaTeX Font Info:    Try loading font information for OMX+txex on input line 29.


("C:\New Softwares\MikTex\tex\latex\txfonts\omxtxex.fd"
File: omxtxex.fd 2000/12/15 v3.1
)
LaTeX Font Info:    ... okay on input line 29.
LaTeX Font Info:    Checking defaults for U/txexa/m/n on input line 29.
LaTeX Font Info:    Try loading font information for U+txexa on input line 29.

("C:\New Softwares\MikTex\tex\latex\txfonts\utxexa.fd"
File: utxexa.fd 2000/12/15 v3.1
)
LaTeX Font Info:    ... okay on input line 29.
LaTeX Font Info:    Checking defaults for PD1/pdf/m/n on input line 29.
LaTeX Font Info:    ... okay on input line 29.
LaTeX Font Info:    Try loading font information for OT1+txr on input line 29.

("C:\New Softwares\MikTex\tex\latex\txfonts\ot1txr.fd"
File: ot1txr.fd 2000/12/15 v3.1
)
("C:\New Softwares\MikTex\tex\context\base\supp-pdf.mkii"
[Loading MPS to PDF converter (version 2006.09.02).]
\scratchcounter=\count164
\scratchdimen=\dimen204
\scratchbox=\box67
\nofMPsegments=\count165
\nofMParguments=\count166
\everyMPshowfont=\toks36
\MPscratchCnt=\count167
\MPscratchDim=\dimen205
\MPnumerator=\count168
\makeMPintoPDFobject=\count169
\everyMPtoPDFconversion=\toks37
)
*geometry* driver: auto-detecting
*geometry* detected driver: pdftex
*geometry* verbose mode - [ preamble ] result:
* driver: pdftex
* paper: custom
* layout: <same size as paper>
* layoutoffset:(h,v)=(0.0pt,0.0pt)
* hratio: 1:1
* vratio: 1:1
* modes: 
* h-part:(L,W,R)=(64.75394pt, 468.0pt, 64.75394pt)
* v-part:(T,H,B)=(111.52342pt, 622.0pt, 111.52342pt)
* \paperwidth=597.50787pt
* \paperheight=845.04684pt
* \textwidth=468.0pt
* \textheight=622.0pt
* \oddsidemargin=-7.51605pt
* \evensidemargin=-7.51605pt
* \topmargin=-22.74657pt
* \headheight=50.0pt
* \headsep=12.0pt
* \topskip=10.0pt
* \footskip=18.0pt
* \marginparwidth=4.0pt
* \marginparsep=10.0pt
* \columnsep=24.0pt
* \skip\footins=24.0pt plus 2.0pt minus 12.0pt
* \hoffset=0.0pt
* \voffset=0.0pt
* \mag=1000
* \@twocolumntrue
* \@twosidefalse
* \@mparswitchfalse
* \@reversemarginfalse
* (1in=72.27pt=25.4mm, 1cm=28.453pt)

Package caption Info: Begin \AtBeginDocument code.
Package caption Info: subfig package v1.3 is loaded.
Package caption Info: float package is loaded.
Package caption Info: hyperref package is loaded.
Package caption Info: listings package is loaded.
Package caption Info: wrapfig package is loaded.
Package caption Info: End \AtBeginDocument code.
LaTeX Font Info:    Try loading font information for U+txmia on input line 29.
("C:\New Softwares\MikTex\tex\latex\txfonts\utxmia.fd"
File: utxmia.fd 2000/12/15 v3.1
)
LaTeX Font Info:    Try loading font information for U+msa on input line 29.

("C:\New Softwares\MikTex\tex\latex\amsfonts\umsa.fd"
File: umsa.fd 2013/01/14 v3.01 AMS symbols A
)
LaTeX Font Info:    Try loading font information for U+msb on input line 29.

("C:\New Softwares\MikTex\tex\latex\amsfonts\umsb.fd"
File: umsb.fd 2013/01/14 v3.01 AMS symbols B
)
LaTeX Font Info:    Try loading font information for U+txsyc on input line 29.

("C:\New Softwares\MikTex\tex\latex\txfonts\utxsyc.fd"
File: utxsyc.fd 2000/12/15 v3.1
)
LaTeX Font Info:    Try loading font information for U+rsfs on input line 29.

("C:\New Softwares\MikTex\tex\latex\jknappen\ursfs.fd"
File: ursfs.fd 1998/03/24 rsfs font definition file (jk)
)
Package xypdf Info: Line width: 0.56pt on input line 29.
\c@lstlisting=\count170
\AtBeginShipoutBox=\box68
Package backref Info: ** backref set up for natbib ** on input line 29.
Package hyperref Info: Link coloring ON on input line 29.

("C:\New Softwares\MikTex\tex\latex\hyperref\nameref.sty"
Package: nameref 2012/10/27 v2.43 Cross-referencing by name of section

("C:\New Softwares\MikTex\tex\generic\oberdiek\gettitlestring.sty"
Package: gettitlestring 2010/12/03 v1.4 Cleanup title references (HO)
)
\c@section@level=\count171
)
LaTeX Info: Redefining \ref on input line 29.
LaTeX Info: Redefining \pageref on input line 29.
LaTeX Info: Redefining \nameref on input line 29.

("G:\Manikantan Sir's Project\Assignments\Assignment10(26.4.14)\Senior's\Matlab
 Codes\Final week8\week8.out")
("G:\Manikantan Sir's Project\Assignments\Assignment10(26.4.14)\Senior's\Matlab
 Codes\Final week8\week8.out")
\@outlinefile=\write5

Underfull \hbox (badness 1810) in paragraph at lines 56--57
\OT1/txr/m/n/10 the recog-ni-tion of the faces dif-fi-cult. Us-ing the
 []


Underfull \hbox (badness 1721) in paragraph at lines 56--57
\OT1/txr/m/n/10 proper pre-pro-cess-ing tech-niques we can make the
 []

Package epstopdf Info: Source file: <Scale1.eps>
(epstopdf)                    date: 2013-03-30 01:23:00
(epstopdf)                    size: 21678 bytes
(epstopdf)             Output file: <Scale1-eps-converted-to.pdf>
(epstopdf)                    date: 2014-04-25 20:31:55
(epstopdf)                    size: 14176 bytes
(epstopdf)             Command: <epstopdf --outfile=Scale1-eps-converted-to.pdf
 Scale1.eps>
(epstopdf)             \includegraphics on input line 64.
Package epstopdf Info: Output file is already uptodate.
<Scale1-eps-converted-to.pdf, id=44, 297.11pt x 417.56pt>
File: Scale1-eps-converted-to.pdf Graphic file (type pdf)

<use Scale1-eps-converted-to.pdf>
Package pdftex.def Info: Scale1-eps-converted-to.pdf used on input line 64.
(pdftex.def)             Requested size: 93.89389pt x 93.88959pt.
Package epstopdf Info: Source file: <Scale2.eps>
(epstopdf)                    date: 2013-03-30 01:23:41
(epstopdf)                    size: 21777 bytes
(epstopdf)             Output file: <Scale2-eps-converted-to.pdf>
(epstopdf)                    date: 2014-04-25 20:31:56
(epstopdf)                    size: 14010 bytes
(epstopdf)             Command: <epstopdf --outfile=Scale2-eps-converted-to.pdf
 Scale2.eps>
(epstopdf)             \includegraphics on input line 64.
Package epstopdf Info: Output file is already uptodate.

<Scale2-eps-converted-to.pdf, id=45, 306.14375pt x 417.56pt>
File: Scale2-eps-converted-to.pdf Graphic file (type pdf)

<use Scale2-eps-converted-to.pdf>
Package pdftex.def Info: Scale2-eps-converted-to.pdf used on input line 64.
(pdftex.def)             Requested size: 93.89456pt x 93.88959pt.
LaTeX Font Info:    Try loading font information for OMS+txr on input line 73.

("C:\New Softwares\MikTex\tex\latex\txfonts\omstxr.fd"
File: omstxr.fd 2000/12/15 v3.1
)
LaTeX Font Info:    Font shape `OMS/txr/m/n' in size <10> not available
(Font)              Font shape `OMS/txsy/m/n' tried instead on input line 73.
Package epstopdf Info: Source file: <back5.eps>
(epstopdf)                    date: 2013-03-30 01:17:30
(epstopdf)                    size: 20300 bytes
(epstopdf)             Output file: <back5-eps-converted-to.pdf>
(epstopdf)                    date: 2014-04-25 20:31:58
(epstopdf)                    size: 13883 bytes
(epstopdf)             Command: <epstopdf --outfile=back5-eps-converted-to.pdf 
back5.eps>
(epstopdf)             \includegraphics on input line 83.
Package epstopdf Info: Output file is already uptodate.

<back5-eps-converted-to.pdf, id=47, 297.11pt x 417.56pt>
File: back5-eps-converted-to.pdf Graphic file (type pdf)

<use back5-eps-converted-to.pdf>
Package pdftex.def Info: back5-eps-converted-to.pdf used on input line 83.
(pdftex.def)             Requested size: 93.89389pt x 76.8205pt.
Package epstopdf Info: Source file: <back2.eps>
(epstopdf)                    date: 2013-03-30 01:17:01
(epstopdf)                    size: 26386 bytes
(epstopdf)             Output file: <back2-eps-converted-to.pdf>
(epstopdf)                    date: 2014-04-25 20:31:59
(epstopdf)                    size: 20329 bytes
(epstopdf)             Command: <epstopdf --outfile=back2-eps-converted-to.pdf 
back2.eps>
(epstopdf)             \includegraphics on input line 83.
Package epstopdf Info: Output file is already uptodate.

<back2-eps-converted-to.pdf, id=48, 555.07375pt x 579.16376pt>
File: back2-eps-converted-to.pdf Graphic file (type pdf)

<use back2-eps-converted-to.pdf>
Package pdftex.def Info: back2-eps-converted-to.pdf used on input line 83.
(pdftex.def)             Requested size: 93.88698pt x 76.82278pt.
Package epstopdf Info: Source file: <back4.eps>
(epstopdf)                    date: 2013-03-30 01:17:20
(epstopdf)                    size: 16194 bytes
(epstopdf)             Output file: <back4-eps-converted-to.pdf>
(epstopdf)                    date: 2014-04-25 20:32:01
(epstopdf)                    size: 12280 bytes
(epstopdf)             Command: <epstopdf --outfile=back4-eps-converted-to.pdf 
back4.eps>
(epstopdf)             \includegraphics on input line 84.
Package epstopdf Info: Output file is already uptodate.

<back4-eps-converted-to.pdf, id=49, 297.11pt x 417.56pt>
File: back4-eps-converted-to.pdf Graphic file (type pdf)

<use back4-eps-converted-to.pdf>
Package pdftex.def Info: back4-eps-converted-to.pdf used on input line 84.
(pdftex.def)             Requested size: 93.89389pt x 76.8205pt.
Package epstopdf Info: Source file: <back6.eps>
(epstopdf)                    date: 2013-03-30 01:17:44
(epstopdf)                    size: 21616 bytes
(epstopdf)             Output file: <back6-eps-converted-to.pdf>
(epstopdf)                    date: 2014-04-25 20:32:03
(epstopdf)                    size: 14462 bytes
(epstopdf)             Command: <epstopdf --outfile=back6-eps-converted-to.pdf 
back6.eps>
(epstopdf)             \includegraphics on input line 84.
Package epstopdf Info: Output file is already uptodate.

<back6-eps-converted-to.pdf, id=50, 297.11pt x 417.56pt>
File: back6-eps-converted-to.pdf Graphic file (type pdf)

<use back6-eps-converted-to.pdf>
Package pdftex.def Info: back6-eps-converted-to.pdf used on input line 84.
(pdftex.def)             Requested size: 93.89389pt x 76.8205pt.
 [1{C:/Users/Tilak/AppData/Local/MiKTeX/2.9/pdftex/config/pdftex.map}


 <G:/Manikantan Sir's Project/Assignments/Assignment10(26.4.14)/Senior's/Matlab
 Codes/Final week8/Scale1-eps-converted-to.pdf> <G:/Manikantan Sir's Project/As
signments/Assignment10(26.4.14)/Senior's/Matlab Codes/Final week8/Scale2-eps-co
nverted-to.pdf>]
Underfull \hbox (badness 6641) in paragraph at lines 94--95
[]\OT1/txr/m/n/10 The orig-i-nal im-age is sub-tracted from the
 []

Package epstopdf Info: Source file: <illu2.eps>
(epstopdf)                    date: 2013-03-30 01:20:07
(epstopdf)                    size: 29039 bytes
(epstopdf)             Output file: <illu2-eps-converted-to.pdf>
(epstopdf)                    date: 2014-04-25 20:32:06
(epstopdf)                    size: 21517 bytes
(epstopdf)             Command: <epstopdf --outfile=illu2-eps-converted-to.pdf 
illu2.eps>
(epstopdf)             \includegraphics on input line 103.
Package epstopdf Info: Output file is already uptodate.
<illu2-eps-converted-to.pdf, id=75, 562.1pt x 421.575pt>
File: illu2-eps-converted-to.pdf Graphic file (type pdf)

<use illu2-eps-converted-to.pdf>
Package pdftex.def Info: illu2-eps-converted-to.pdf used on input line 103.
(pdftex.def)             Requested size: 93.8918pt x 76.8194pt.
Package epstopdf Info: Source file: <illu1.eps>
(epstopdf)                    date: 2013-03-30 01:19:52
(epstopdf)                    size: 30245 bytes
(epstopdf)             Output file: <illu1-eps-converted-to.pdf>
(epstopdf)                    date: 2014-04-25 20:32:07
(epstopdf)                    size: 23161 bytes
(epstopdf)             Command: <epstopdf --outfile=illu1-eps-converted-to.pdf 
illu1.eps>
(epstopdf)             \includegraphics on input line 103.
Package epstopdf Info: Output file is already uptodate.

<illu1-eps-converted-to.pdf, id=76, 422.57875pt x 471.7625pt>
File: illu1-eps-converted-to.pdf Graphic file (type pdf)

<use illu1-eps-converted-to.pdf>
Package pdftex.def Info: illu1-eps-converted-to.pdf used on input line 103.
(pdftex.def)             Requested size: 110.96404pt x 76.82245pt.

Overfull \hbox (6.85583pt too wide) in paragraph at lines 102--106
 [] 
 []

Package epstopdf Info: Source file: <illu6.eps>
(epstopdf)                    date: 2013-03-30 01:21:53
(epstopdf)                    size: 23994 bytes
(epstopdf)             Output file: <illu6-eps-converted-to.pdf>
(epstopdf)                    date: 2014-04-25 20:32:09
(epstopdf)                    size: 18203 bytes
(epstopdf)             Command: <epstopdf --outfile=illu6-eps-converted-to.pdf 
illu6.eps>
(epstopdf)             \includegraphics on input line 111.
Package epstopdf Info: Output file is already uptodate.
<illu6-eps-converted-to.pdf, id=77, 562.1pt x 421.575pt>
File: illu6-eps-converted-to.pdf Graphic file (type pdf)

<use illu6-eps-converted-to.pdf>
Package pdftex.def Info: illu6-eps-converted-to.pdf used on input line 111.
(pdftex.def)             Requested size: 93.8918pt x 76.8194pt.
Package epstopdf Info: Source file: <illu5.eps>
(epstopdf)                    date: 2013-03-30 01:20:49
(epstopdf)                    size: 22532 bytes
(epstopdf)             Output file: <illu5-eps-converted-to.pdf>
(epstopdf)                    date: 2014-04-25 20:32:10
(epstopdf)                    size: 17900 bytes
(epstopdf)             Command: <epstopdf --outfile=illu5-eps-converted-to.pdf 
illu5.eps>
(epstopdf)             \includegraphics on input line 111.
Package epstopdf Info: Output file is already uptodate.

<illu5-eps-converted-to.pdf, id=78, 422.57875pt x 471.7625pt>
File: illu5-eps-converted-to.pdf Graphic file (type pdf)

<use illu5-eps-converted-to.pdf>
Package pdftex.def Info: illu5-eps-converted-to.pdf used on input line 111.
(pdftex.def)             Requested size: 110.96404pt x 76.82245pt.
Package epstopdf Info: Source file: <illu4.eps>
(epstopdf)                    date: 2013-03-30 01:20:36
(epstopdf)                    size: 24160 bytes
(epstopdf)             Output file: <illu4-eps-converted-to.pdf>
(epstopdf)                    date: 2014-04-25 20:32:12
(epstopdf)                    size: 18390 bytes
(epstopdf)             Command: <epstopdf --outfile=illu4-eps-converted-to.pdf 
illu4.eps>
(epstopdf)             \includegraphics on input line 112.
Package epstopdf Info: Output file is already uptodate.

<illu4-eps-converted-to.pdf, id=79, 562.1pt x 421.575pt>
File: illu4-eps-converted-to.pdf Graphic file (type pdf)

<use illu4-eps-converted-to.pdf>
Package pdftex.def Info: illu4-eps-converted-to.pdf used on input line 112.
(pdftex.def)             Requested size: 93.8918pt x 76.8194pt.
Package epstopdf Info: Source file: <illu3.eps>
(epstopdf)                    date: 2013-03-30 01:20:25
(epstopdf)                    size: 21815 bytes
(epstopdf)             Output file: <illu3-eps-converted-to.pdf>
(epstopdf)                    date: 2014-04-25 20:32:14
(epstopdf)                    size: 17404 bytes
(epstopdf)             Command: <epstopdf --outfile=illu3-eps-converted-to.pdf 
illu3.eps>
(epstopdf)             \includegraphics on input line 112.
Package epstopdf Info: Output file is already uptodate.

<illu3-eps-converted-to.pdf, id=80, 422.57875pt x 471.7625pt>
File: illu3-eps-converted-to.pdf Graphic file (type pdf)

<use illu3-eps-converted-to.pdf>
Package pdftex.def Info: illu3-eps-converted-to.pdf used on input line 112.
(pdftex.def)             Requested size: 110.96404pt x 76.82245pt.

Overfull \hbox (6.85583pt too wide) in paragraph at lines 110--115
 [] 
 []


Underfull \hbox (badness 1681) in paragraph at lines 99--117
[]  \OT1/txr/m/n/10 the il-lu-mi-na-tions of the pic-ture is of a
 []


Underfull \hbox (badness 10000) in paragraph at lines 118--121

 []


Underfull \hbox (badness 4913) in paragraph at lines 122--123
[]\OT1/txr/m/n/10 The nor-mal-ized 2-D auto-correlation of eye
 []


Underfull \hbox (badness 4913) in paragraph at lines 123--125
[]\OT1/txr/m/n/10 the nor-mal-ized 2-D cross-correlation of eye
 []

Package epstopdf Info: Source file: <TempMatching.eps>
(epstopdf)                    date: 2013-03-30 01:23:21
(epstopdf)                    size: 34256 bytes
(epstopdf)             Output file: <TempMatching-eps-converted-to.pdf>
(epstopdf)                    date: 2014-04-25 20:32:16
(epstopdf)                    size: 18744 bytes
(epstopdf)             Command: <epstopdf --outfile=TempMatching-eps-converted-
to.pdf TempMatching.eps>
(epstopdf)             \includegraphics on input line 132.
Package epstopdf Info: Output file is already uptodate.
<TempMatching-eps-converted-to.pdf, id=81, 444.66125pt x 485.815pt>
File: TempMatching-eps-converted-to.pdf Graphic file (type pdf)

<use TempMatching-eps-converted-to.pdf>
Package pdftex.def Info: TempMatching-eps-converted-to.pdf used on input line 1
32.
(pdftex.def)             Requested size: 187.78777pt x 142.26154pt.

Underfull \hbox (badness 8038) in paragraph at lines 136--138
[]\OT1/txr/m/n/10 Here the cor-re-la-tion co-ef-fi-cient cal-cu-la-tion is
 []


Underfull \hbox (badness 1360) in paragraph at lines 136--138
\OT1/txr/m/n/10 tem-plate match-ing pur-pose and it is also re-quired
 []

[2 <G:/Manikantan Sir's Project/Assignments/Assignment10(26.4.14)/Senior's/Matl
ab Codes/Final week8/back5-eps-converted-to.pdf> <G:/Manikantan Sir's Project/A
ssignments/Assignment10(26.4.14)/Senior's/Matlab Codes/Final week8/back2-eps-co
nverted-to.pdf> <G:/Manikantan Sir's Project/Assignments/Assignment10(26.4.14)/
Senior's/Matlab Codes/Final week8/back4-eps-converted-to.pdf> <G:/Manikantan Si
r's Project/Assignments/Assignment10(26.4.14)/Senior's/Matlab Codes/Final week8
/back6-eps-converted-to.pdf> <G:/Manikantan Sir's Project/Assignments/Assignmen
t10(26.4.14)/Senior's/Matlab Codes/Final week8/illu2-eps-converted-to.pdf> <G:/
Manikantan Sir's Project/Assignments/Assignment10(26.4.14)/Senior's/Matlab Code
s/Final week8/illu1-eps-converted-to.pdf> <G:/Manikantan Sir's Project/Assignme
nts/Assignment10(26.4.14)/Senior's/Matlab Codes/Final week8/illu6-eps-converted
-to.pdf> <G:/Manikantan Sir's Project/Assignments/Assignment10(26.4.14)/Senior'
s/Matlab Codes/Final week8/illu5-eps-converted-to.pdf> <G:/Manikantan Sir's Pro
ject/Assignments/Assignment10(26.4.14)/Senior's/Matlab Codes/Final week8/illu4-
eps-converted-to.pdf> <G:/Manikantan Sir's Project/Assignments/Assignment10(26.
4.14)/Senior's/Matlab Codes/Final week8/illu3-eps-converted-to.pdf> <G:/Manikan
tan Sir's Project/Assignments/Assignment10(26.4.14)/Senior's/Matlab Codes/Final
 week8/TempMatching-eps-converted-to.pdf>]
Underfull \hbox (badness 10000) in paragraph at lines 140--143

 []


Underfull \hbox (badness 1655) in paragraph at lines 143--144
[]\OT1/txr/m/n/10 To com-pen-sate for the light-ing ef-fects colour
 []

Package epstopdf Info: Source file: <det_pic.eps>
(epstopdf)                    date: 2013-03-30 01:19:09
(epstopdf)                    size: 122076 bytes
(epstopdf)             Output file: <det_pic-eps-converted-to.pdf>
(epstopdf)                    date: 2014-04-25 20:32:17
(epstopdf)                    size: 85385 bytes
(epstopdf)             Command: <epstopdf --outfile=det_pic-eps-converted-to.pd
f det_pic.eps>
(epstopdf)             \includegraphics on input line 151.
Package epstopdf Info: Output file is already uptodate.
<det_pic-eps-converted-to.pdf, id=124, 968.61874pt x 553.06625pt>
File: det_pic-eps-converted-to.pdf Graphic file (type pdf)

<use det_pic-eps-converted-to.pdf>
Package pdftex.def Info: det_pic-eps-converted-to.pdf used on input line 151.
(pdftex.def)             Requested size: 187.7788pt x 142.2579pt.
Package epstopdf Info: Source file: <cross1.eps>
(epstopdf)                    date: 2013-03-30 01:17:59
(epstopdf)                    size: 7080 bytes
(epstopdf)             Output file: <cross1-eps-converted-to.pdf>
(epstopdf)                    date: 2014-04-25 20:32:19
(epstopdf)                    size: 6596 bytes
(epstopdf)             Command: <epstopdf --outfile=cross1-eps-converted-to.pdf
 cross1.eps>
(epstopdf)             \includegraphics on input line 161.
Package epstopdf Info: Output file is already uptodate.

<cross1-eps-converted-to.pdf, id=125, 120.45pt x 136.51pt>
File: cross1-eps-converted-to.pdf Graphic file (type pdf)

<use cross1-eps-converted-to.pdf>
Package pdftex.def Info: cross1-eps-converted-to.pdf used on input line 161.
(pdftex.def)             Requested size: 93.89731pt x 76.82208pt.
Package epstopdf Info: Source file: <cross2.eps>
(epstopdf)                    date: 2013-03-30 01:18:10
(epstopdf)                    size: 6910 bytes
(epstopdf)             Output file: <cross2-eps-converted-to.pdf>
(epstopdf)                    date: 2014-04-25 20:32:20
(epstopdf)                    size: 6458 bytes
(epstopdf)             Command: <epstopdf --outfile=cross2-eps-converted-to.pdf
 cross2.eps>
(epstopdf)             \includegraphics on input line 161.
Package epstopdf Info: Output file is already uptodate.

<cross2-eps-converted-to.pdf, id=126, 120.45pt x 136.51pt>
File: cross2-eps-converted-to.pdf Graphic file (type pdf)

<use cross2-eps-converted-to.pdf>
Package pdftex.def Info: cross2-eps-converted-to.pdf used on input line 161.
(pdftex.def)             Requested size: 110.96788pt x 76.82208pt.
Package epstopdf Info: Source file: <cross3.eps>
(epstopdf)                    date: 2013-03-30 01:18:22
(epstopdf)                    size: 6413 bytes
(epstopdf)             Output file: <cross3-eps-converted-to.pdf>
(epstopdf)                    date: 2014-04-25 20:32:21
(epstopdf)                    size: 6365 bytes
(epstopdf)             Command: <epstopdf --outfile=cross3-eps-converted-to.pdf
 cross3.eps>
(epstopdf)             \includegraphics on input line 162.
Package epstopdf Info: Output file is already uptodate.

<cross3-eps-converted-to.pdf, id=127, 120.45pt x 136.51pt>
File: cross3-eps-converted-to.pdf Graphic file (type pdf)

<use cross3-eps-converted-to.pdf>
Package pdftex.def Info: cross3-eps-converted-to.pdf used on input line 162.
(pdftex.def)             Requested size: 93.89731pt x 76.82208pt.
Package epstopdf Info: Source file: <cross4.eps>
(epstopdf)                    date: 2013-03-30 01:18:37
(epstopdf)                    size: 6362 bytes
(epstopdf)             Output file: <cross4-eps-converted-to.pdf>
(epstopdf)                    date: 2014-04-25 20:32:23
(epstopdf)                    size: 6284 bytes
(epstopdf)             Command: <epstopdf --outfile=cross4-eps-converted-to.pdf
 cross4.eps>
(epstopdf)             \includegraphics on input line 162.
Package epstopdf Info: Output file is already uptodate.

<cross4-eps-converted-to.pdf, id=128, 120.45pt x 136.51pt>
File: cross4-eps-converted-to.pdf Graphic file (type pdf)

<use cross4-eps-converted-to.pdf>
Package pdftex.def Info: cross4-eps-converted-to.pdf used on input line 162.
(pdftex.def)             Requested size: 110.96788pt x 76.82208pt.

Overfull \hbox (6.86519pt too wide) in paragraph at lines 160--165
 [] 
 []


Underfull \hbox (badness 1264) in paragraph at lines 156--167
\OT1/txr/m/n/10 The Fig-ure 7 shows the tem-plate eye is per-fectly
 []

Package epstopdf Info: Source file: <geo1.eps>
(epstopdf)                    date: 2013-03-30 01:19:19
(epstopdf)                    size: 6351 bytes
(epstopdf)             Output file: <geo1-eps-converted-to.pdf>
(epstopdf)                    date: 2014-04-25 20:32:24
(epstopdf)                    size: 6232 bytes
(epstopdf)             Command: <epstopdf --outfile=geo1-eps-converted-to.pdf g
eo1.eps>
(epstopdf)             \includegraphics on input line 174.
Package epstopdf Info: Output file is already uptodate.
<geo1-eps-converted-to.pdf, id=130, 120.45pt x 136.51pt>
File: geo1-eps-converted-to.pdf Graphic file (type pdf)

<use geo1-eps-converted-to.pdf>
Package pdftex.def Info: geo1-eps-converted-to.pdf used on input line 174.
(pdftex.def)             Requested size: 93.89731pt x 76.82208pt.
Package epstopdf Info: Source file: <geo2.eps>
(epstopdf)                    date: 2013-03-30 01:19:32
(epstopdf)                    size: 6303 bytes
(epstopdf)             Output file: <geo2-eps-converted-to.pdf>
(epstopdf)                    date: 2014-04-25 20:32:26
(epstopdf)                    size: 6241 bytes
(epstopdf)             Command: <epstopdf --outfile=geo2-eps-converted-to.pdf g
eo2.eps>
(epstopdf)             \includegraphics on input line 174.
Package epstopdf Info: Output file is already uptodate.

<geo2-eps-converted-to.pdf, id=131, 120.45pt x 136.51pt>
File: geo2-eps-converted-to.pdf Graphic file (type pdf)

<use geo2-eps-converted-to.pdf>
Package pdftex.def Info: geo2-eps-converted-to.pdf used on input line 174.
(pdftex.def)             Requested size: 110.96788pt x 76.82208pt.

Overfull \hbox (6.86519pt too wide) in paragraph at lines 173--177
 [] 
 []


Underfull \hbox (badness 2799) in paragraph at lines 189--190
[]\OT1/txr/m/n/10 The im-age is pre-processed us-ing the above
 []


Underfull \hbox (badness 5696) in paragraph at lines 189--190
\OT1/txr/m/n/10 tech-niques so as to have the proper class
 []


Underfull \hbox (badness 1043) in paragraph at lines 190--191
[]\OT1/txr/m/n/10 The im-age is trained so as to get the proper
 []

[3 <G:/Manikantan Sir's Project/Assignments/Assignment10(26.4.14)/Senior's/Matl
ab Codes/Final week8/det_pic-eps-converted-to.pdf> <G:/Manikantan Sir's Project
/Assignments/Assignment10(26.4.14)/Senior's/Matlab Codes/Final week8/cross1-eps
-converted-to.pdf> <G:/Manikantan Sir's Project/Assignments/Assignment10(26.4.1
4)/Senior's/Matlab Codes/Final week8/cross2-eps-converted-to.pdf> <G:/Manikanta
n Sir's Project/Assignments/Assignment10(26.4.14)/Senior's/Matlab Codes/Final w
eek8/cross3-eps-converted-to.pdf> <G:/Manikantan Sir's Project/Assignments/Assi
gnment10(26.4.14)/Senior's/Matlab Codes/Final week8/cross4-eps-converted-to.pdf
> <G:/Manikantan Sir's Project/Assignments/Assignment10(26.4.14)/Senior's/Matla
b Codes/Final week8/geo1-eps-converted-to.pdf> <G:/Manikantan Sir's Project/Ass
ignments/Assignment10(26.4.14)/Senior's/Matlab Codes/Final week8/geo2-eps-conve
rted-to.pdf>]
("G:\Manikantan Sir's Project\Assignments\Assignment10(26.4.14)\Senior's\Matlab
 Codes\Final week8\week8.brf")
\tf@brf=\write6

Underfull \hbox (badness 3872) in paragraph at lines 205--205
[]\OT1/txr/m/n/8 Phong, Bui Tuong. "Il-lu-mi-na-tion for com-puter gen-er-ated
 []


Underfull \hbox (badness 2042) in paragraph at lines 210--210
[]\OT1/txr/m/n/8 Wang, Baozhu, Xi-uy-ing Chang, and Cuix-i-ang Liu. "Skin
 []


Underfull \hbox (badness 6859) in paragraph at lines 212--212
\OT1/txr/m/n/8 ap-proaches for face recog-ni-tion." The 6-th In-ter-na-tional
 []

Package atveryend Info: Empty hook `BeforeClearDocument' on input line 214.
[4

]
Package atveryend Info: Empty hook `AfterLastShipout' on input line 214.

("G:\Manikantan Sir's Project\Assignments\Assignment10(26.4.14)\Senior's\Matlab
 Codes\Final week8\week8.aux")
Package atveryend Info: Executing hook `AtVeryEndDocument' on input line 214.
Package atveryend Info: Executing hook `AtEndAfterFileList' on input line 214.
Package rerunfilecheck Info: File `week8.out' has not changed.
(rerunfilecheck)             Checksum: 899365162B4B0E3F5725EA46C267C0B5;650.
Package rerunfilecheck Info: File `week8.brf' has not changed.
(rerunfilecheck)             Checksum: 736EC9212CDB8398EFD27FEC56E24834;219.
Package atveryend Info: Empty hook `AtVeryVeryEnd' on input line 214.
 ) 
Here is how much of TeX's memory you used:
 13715 strings out of 493921
 194535 string characters out of 3148887
 348056 words of memory out of 3000000
 16642 multiletter control sequences out of 15000+200000
 35057 words of font info for 99 fonts, out of 3000000 for 9000
 841 hyphenation exceptions out of 8191
 44i,14n,42p,3340b,392s stack positions out of 5000i,500n,10000p,200000b,50000s
{C:/New Softwares/MikTex/fonts/enc/dvips/fontname/8r.enc}<C:/New Softwares/Mi
kTex/fonts/type1/public/amsfonts/cm/cmtt8.pfb><C:/New Softwares/MikTex/fonts/ty
pe1/public/txfonts/rtxr.pfb><C:/New Softwares/MikTex/fonts/type1/public/txfonts
/txsy.pfb><C:/New Softwares/MikTex/fonts/type1/urw/times/utmb8a.pfb><C:/New Sof
twares/MikTex/fonts/type1/urw/times/utmr8a.pfb><C:/New Softwares/MikTex/fonts/t
ype1/urw/times/utmri8a.pfb>
Output written on week8.pdf (4 pages, 388048 bytes).
PDF statistics:
 199 PDF objects out of 1000 (max. 8388607)
 30 named destinations out of 1000 (max. 500000)
 181 words of extra memory for PDF output out of 10000 (max. 10000000)

